#
# There is insufficient memory for the Java Runtime Environment to continue.
# Native memory allocation (malloc) failed to allocate 32744 bytes for ChunkPool::allocate
# Possible reasons:
#   The system is out of physical RAM or swap space
#   The process is running with CompressedOops enabled, and the Java Heap may be blocking the growth of the native heap
# Possible solutions:
#   Reduce memory load on the system
#   Increase physical memory or swap space
#   Check if swap backing store is full
#   Decrease Java heap size (-Xmx/-Xms)
#   Decrease number of Java threads
#   Decrease Java thread stack sizes (-Xss)
#   Set larger code cache with -XX:ReservedCodeCacheSize=
#   JVM is running with Unscaled Compressed Oops mode in which the Java heap is
#     placed in the first 4GB address space. The Java Heap base address is the
#     maximum limit for the native heap growth. Please use -XX:HeapBaseMinAddress
#     to set the Java Heap base and to place the Java Heap above 4GB virtual address.
# This output file may be truncated or incomplete.
#
#  Out of Memory Error (./open/src/hotspot/share/memory/arena.cpp:81), pid=11744, tid=10408
#
# JRE version: Java(TM) SE Runtime Environment 18.9 (11.0.14+8) (build 11.0.14+8-LTS-263)
# Java VM: Java HotSpot(TM) 64-Bit Server VM 18.9 (11.0.14+8-LTS-263, mixed mode, tiered, compressed oops, g1 gc, windows-amd64)
# No core dump will be written. Minidumps are not enabled by default on client versions of Windows
#

---------------  S U M M A R Y ------------

Command Line: --add-opens=java.base/java.util=ALL-UNNAMED --add-opens=java.base/java.lang=ALL-UNNAMED --add-opens=java.base/java.lang.invoke=ALL-UNNAMED --add-opens=java.prefs/java.util.prefs=ALL-UNNAMED -XX:MaxMetaspaceSize=256m -XX:+HeapDumpOnOutOfMemoryError -Xms256m -Xmx512m -Dfile.encoding=windows-1252 -Duser.country=BR -Duser.language=pt -Duser.variant org.gradle.launcher.daemon.bootstrap.GradleDaemon 6.2

Host: Intel(R) Atom(TM) x5-Z8350  CPU @ 1.44GHz, 4 cores, 3G,  Windows 10 , 64 bit Build 19041 (10.0.19041.1889)
Time: Sun Sep 25 17:40:22 2022 Hora oficial do Brasil elapsed time: 357.375162 seconds (0d 0h 5m 57s)

---------------  T H R E A D  ---------------

Current thread (0x0000023dd2fa5000):  JavaThread "C2 CompilerThread0" daemon [_thread_in_native, id=10408, stack(0x0000004bcf000000,0x0000004bcf100000)]


Current CompileTask:
C2: 357377 14832       4       org.gradle.cache.internal.btree.CachingBlockStore::read (56 bytes)

Stack: [0x0000004bcf000000,0x0000004bcf100000]
Native frames: (J=compiled Java code, j=interpreted, Vv=VM code, C=native code)
V  [jvm.dll+0x6296da]
V  [jvm.dll+0x76323f]
V  [jvm.dll+0x7648e9]
V  [jvm.dll+0x764f73]
V  [jvm.dll+0x23d7c8]
V  [jvm.dll+0xb2bdb]
V  [jvm.dll+0xb2f3c]
V  [jvm.dll+0xb2a8b]
V  [jvm.dll+0x609a6f]
V  [jvm.dll+0x658eb4]
V  [jvm.dll+0x18cc2d]
V  [jvm.dll+0x1f8472]
V  [jvm.dll+0x1f754d]
V  [jvm.dll+0x177b21]
V  [jvm.dll+0x206e26]
V  [jvm.dll+0x204fbb]
V  [jvm.dll+0x729170]
V  [jvm.dll+0x721d44]
V  [jvm.dll+0x6285d6]
C  [ucrtbase.dll+0x21bb2]
C  [KERNEL32.DLL+0x17034]
C  [ntdll.dll+0x526a1]


---------------  P R O C E S S  ---------------

Threads class SMR info:
_java_thread_list=0x0000023dd7c08db0, length=40, elements={
0x0000023db90fe800, 0x0000023dd2f82800, 0x0000023dd2f8b800, 0x0000023dd2f9f000,
0x0000023dd2fa0000, 0x0000023dd2fa2000, 0x0000023dd2fa5000, 0x0000023dd396e800,
0x0000023dd3977800, 0x0000023dd3a80000, 0x0000023dd49a3800, 0x0000023dd3c56800,
0x0000023dd56be800, 0x0000023dd523f800, 0x0000023dd4c50800, 0x0000023dd3c04800,
0x0000023dd3c05800, 0x0000023dd3a72800, 0x0000023dd3cd0000, 0x0000023dd39da000,
0x0000023dd39d8800, 0x0000023dd39d5000, 0x0000023dd39d7000, 0x0000023dd39db000,
0x0000023dd39dc000, 0x0000023dd39d6000, 0x0000023dd39d7800, 0x0000023dd39d9800,
0x0000023dd7a8f800, 0x0000023dd7a8c800, 0x0000023dd7a90800, 0x0000023dd7a8e000,
0x0000023dd7a8f000, 0x0000023dd7a8b800, 0x0000023dd7a97000, 0x0000023dd7a92000,
0x0000023dd7a95800, 0x0000023dd7a93800, 0x0000023dd7a96000, 0x0000023dd7a94800
}

Java Threads: ( => current thread )
  0x0000023db90fe800 JavaThread "main" [_thread_blocked, id=11864, stack(0x0000004bce400000,0x0000004bce500000)]
  0x0000023dd2f82800 JavaThread "Reference Handler" daemon [_thread_blocked, id=6560, stack(0x0000004bceb00000,0x0000004bcec00000)]
  0x0000023dd2f8b800 JavaThread "Finalizer" daemon [_thread_blocked, id=3500, stack(0x0000004bcec00000,0x0000004bced00000)]
  0x0000023dd2f9f000 JavaThread "Signal Dispatcher" daemon [_thread_blocked, id=6924, stack(0x0000004bced00000,0x0000004bcee00000)]
  0x0000023dd2fa0000 JavaThread "Attach Listener" daemon [_thread_blocked, id=13668, stack(0x0000004bcee00000,0x0000004bcef00000)]
  0x0000023dd2fa2000 JavaThread "Service Thread" daemon [_thread_blocked, id=4868, stack(0x0000004bcef00000,0x0000004bcf000000)]
=>0x0000023dd2fa5000 JavaThread "C2 CompilerThread0" daemon [_thread_in_native, id=10408, stack(0x0000004bcf000000,0x0000004bcf100000)]
  0x0000023dd396e800 JavaThread "C1 CompilerThread0" daemon [_thread_blocked, id=11524, stack(0x0000004bcf100000,0x0000004bcf200000)]
  0x0000023dd3977800 JavaThread "Sweeper thread" daemon [_thread_blocked, id=13836, stack(0x0000004bcf200000,0x0000004bcf300000)]
  0x0000023dd3a80000 JavaThread "Common-Cleaner" daemon [_thread_blocked, id=13160, stack(0x0000004bcf300000,0x0000004bcf400000)]
  0x0000023dd49a3800 JavaThread "Daemon health stats" [_thread_blocked, id=3668, stack(0x0000004bcf800000,0x0000004bcf900000)]
  0x0000023dd3c56800 JavaThread "Incoming local TCP Connector on port 49998" [_thread_in_native, id=7976, stack(0x0000004bcf900000,0x0000004bcfa00000)]
  0x0000023dd56be800 JavaThread "Daemon periodic checks" [_thread_blocked, id=1464, stack(0x0000004bcfa00000,0x0000004bcfb00000)]
  0x0000023dd523f800 JavaThread "Daemon" [_thread_blocked, id=10860, stack(0x0000004bcfb00000,0x0000004bcfc00000)]
  0x0000023dd4c50800 JavaThread "Handler for socket connection from /127.0.0.1:49998 to /127.0.0.1:49999" [_thread_in_native, id=2424, stack(0x0000004bcfc00000,0x0000004bcfd00000)]
  0x0000023dd3c04800 JavaThread "Cancel handler" [_thread_blocked, id=12172, stack(0x0000004bcfd00000,0x0000004bcfe00000)]
  0x0000023dd3c05800 JavaThread "Daemon worker" [_thread_in_vm, id=8848, stack(0x0000004bcfe00000,0x0000004bcff00000)]
  0x0000023dd3a72800 JavaThread "Asynchronous log dispatcher for DefaultDaemonConnection: socket connection from /127.0.0.1:49998 to /127.0.0.1:49999" [_thread_blocked, id=14320, stack(0x0000004bcff00000,0x0000004bd0000000)]
  0x0000023dd3cd0000 JavaThread "Stdin handler" [_thread_blocked, id=7808, stack(0x0000004bd0000000,0x0000004bd0100000)]
  0x0000023dd39da000 JavaThread "Thread-8" [_thread_blocked, id=13960, stack(0x0000004bd0100000,0x0000004bd0200000)]
  0x0000023dd39d8800 JavaThread "Cache worker for journal cache (C:\Users\Willi\.gradle\caches\journal-1)" [_thread_blocked, id=6192, stack(0x0000004bd0200000,0x0000004bd0300000)]
  0x0000023dd39d5000 JavaThread "File lock request listener" [_thread_in_native, id=8708, stack(0x0000004bd0300000,0x0000004bd0400000)]
  0x0000023dd39d7000 JavaThread "Cache worker for file hash cache (C:\Users\Willi\.gradle\caches\6.2\fileHashes)" [_thread_blocked, id=10216, stack(0x0000004bd0400000,0x0000004bd0500000)]
  0x0000023dd39db000 JavaThread "Cache worker for checksums cache (C:\MeusProjetos\Calculadora\android\.gradle\checksums)" [_thread_blocked, id=13332, stack(0x0000004bd0500000,0x0000004bd0600000)]
  0x0000023dd39dc000 JavaThread "Cache worker for file hash cache (C:\MeusProjetos\Calculadora\android\.gradle\6.2\fileHashes)" [_thread_blocked, id=1272, stack(0x0000004bd0600000,0x0000004bd0700000)]
  0x0000023dd39d6000 JavaThread "Cache worker for cache directory md-supplier (C:\Users\Willi\.gradle\caches\6.2\md-supplier)" [_thread_blocked, id=6812, stack(0x0000004bd0700000,0x0000004bd0800000)]
  0x0000023dd39d7800 JavaThread "Cache worker for cache directory md-rule (C:\Users\Willi\.gradle\caches\6.2\md-rule)" [_thread_blocked, id=10004, stack(0x0000004bd0800000,0x0000004bd0900000)]
  0x0000023dd39d9800 JavaThread "Cache worker for execution history cache (C:\Users\Willi\.gradle\caches\6.2\executionHistory)" [_thread_blocked, id=5984, stack(0x0000004bd0900000,0x0000004bd0a00000)]
  0x0000023dd7a8f800 JavaThread "Build operations" [_thread_blocked, id=10000, stack(0x0000004bd0d00000,0x0000004bd0e00000)]
  0x0000023dd7a8c800 JavaThread "Build operations Thread 2" [_thread_blocked, id=11780, stack(0x0000004bd0e00000,0x0000004bd0f00000)]
  0x0000023dd7a90800 JavaThread "Build operations Thread 3" [_thread_blocked, id=13900, stack(0x0000004bd0f00000,0x0000004bd1000000)]
  0x0000023dd7a8e000 JavaThread "Build operations Thread 4" [_thread_blocked, id=13544, stack(0x0000004bd1000000,0x0000004bd1100000)]
  0x0000023dd7a8f000 JavaThread "pool-1-thread-1" [_thread_blocked, id=12328, stack(0x0000004bce100000,0x0000004bce200000)]
  0x0000023dd7a8b800 JavaThread "Cache worker for Build Output Cleanup Cache (C:\MeusProjetos\Calculadora\android\.gradle\buildOutputCleanup)" [_thread_blocked, id=10132, stack(0x0000004bce200000,0x0000004bce300000)]
  0x0000023dd7a97000 JavaThread "Memory manager" [_thread_blocked, id=2708, stack(0x0000004bce300000,0x0000004bce400000)]
  0x0000023dd7a92000 JavaThread "Cache worker for file content cache (C:\Users\Willi\.gradle\caches\6.2\fileContent)" [_thread_blocked, id=11660, stack(0x0000004bd0a00000,0x0000004bd0b00000)]
  0x0000023dd7a95800 JavaThread "Cache worker for file content cache (C:\MeusProjetos\Calculadora\android\.gradle\6.2\fileContent)" [_thread_blocked, id=8948, stack(0x0000004bd0b00000,0x0000004bd0c00000)]
  0x0000023dd7a93800 JavaThread "Execution worker for ':'" [_thread_in_native, id=9080, stack(0x0000004bd1200000,0x0000004bd1300000)]
  0x0000023dd7a96000 JavaThread "Execution worker for ':' Thread 2" [_thread_in_native, id=12740, stack(0x0000004bd1300000,0x0000004bd1400000)]
  0x0000023dd7a94800 JavaThread "Execution worker for ':' Thread 3" [_thread_in_native, id=13556, stack(0x0000004bd1400000,0x0000004bd1500000)]

Other Threads:
  0x0000023dd2f5e000 VMThread "VM Thread" [stack: 0x0000004bcea00000,0x0000004bceb00000] [id=12640]
  0x0000023dd3b05800 WatcherThread [stack: 0x0000004bcf400000,0x0000004bcf500000] [id=12704]
  0x0000023db9115000 GCTaskThread "GC Thread#0" [stack: 0x0000004bce500000,0x0000004bce600000] [id=7996]
  0x0000023dd3f03800 GCTaskThread "GC Thread#1" [stack: 0x0000004bcf500000,0x0000004bcf600000] [id=12596]
  0x0000023dd3e61000 GCTaskThread "GC Thread#2" [stack: 0x0000004bcf600000,0x0000004bcf700000] [id=12420]
  0x0000023dd3e62000 GCTaskThread "GC Thread#3" [stack: 0x0000004bcf700000,0x0000004bcf800000] [id=11432]
  0x0000023db9126800 ConcurrentGCThread "G1 Main Marker" [stack: 0x0000004bce600000,0x0000004bce700000] [id=2352]
  0x0000023db9128000 ConcurrentGCThread "G1 Conc#0" [stack: 0x0000004bce700000,0x0000004bce800000] [id=9476]
  0x0000023dd2df8800 ConcurrentGCThread "G1 Refine#0" [stack: 0x0000004bce800000,0x0000004bce900000] [id=12116]
  0x0000023dd2df9800 ConcurrentGCThread "G1 Young RemSet Sampling" [stack: 0x0000004bce900000,0x0000004bcea00000] [id=11800]

Threads with active compile tasks:
C2 CompilerThread0 357686 14832       4       org.gradle.cache.internal.btree.CachingBlockStore::read (56 bytes)

VM state:not at safepoint (normal execution)

VM Mutex/Monitor currently owned by a thread: None

Heap address: 0x00000000e0000000, size: 512 MB, Compressed Oops mode: 32-bit
Narrow klass base: 0x0000000000000000, Narrow klass shift: 3
Compressed class space size: 260046848 Address: 0x0000000100000000

Heap:
 garbage-first heap   total 262144K, used 148635K [0x00000000e0000000, 0x0000000100000000)
  region size 1024K, 8 young (8192K), 2 survivors (2048K)
 Metaspace       used 89541K, capacity 91828K, committed 92120K, reserved 335872K
  class space    used 10976K, capacity 11771K, committed 11992K, reserved 253952K
Heap Regions: E=young(eden), S=young(survivor), O=old, HS=humongous(starts), HC=humongous(continues), CS=collection set, F=free, A=archive, TAMS=top-at-mark-start (previous, next)
|   0|0x00000000e0000000, 0x00000000e0100000, 0x00000000e0100000|100%| O|  |TAMS 0x00000000e0100000, 0x00000000e0000000| Untracked 
|   1|0x00000000e0100000, 0x00000000e0200000, 0x00000000e0200000|100%| O|  |TAMS 0x00000000e0200000, 0x00000000e0100000| Untracked 
|   2|0x00000000e0200000, 0x00000000e0300000, 0x00000000e0300000|100%| O|  |TAMS 0x00000000e0300000, 0x00000000e0200000| Untracked 
|   3|0x00000000e0300000, 0x00000000e0400000, 0x00000000e0400000|100%|HS|  |TAMS 0x00000000e0400000, 0x00000000e0300000| Complete 
|   4|0x00000000e0400000, 0x00000000e0500000, 0x00000000e0500000|100%|HC|  |TAMS 0x00000000e0500000, 0x00000000e0400000| Complete 
|   5|0x00000000e0500000, 0x00000000e0600000, 0x00000000e0600000|100%|HC|  |TAMS 0x00000000e0600000, 0x00000000e0500000| Complete 
|   6|0x00000000e0600000, 0x00000000e0700000, 0x00000000e0700000|100%| O|  |TAMS 0x00000000e0700000, 0x00000000e0600000| Untracked 
|   7|0x00000000e0700000, 0x00000000e0800000, 0x00000000e0800000|100%| O|  |TAMS 0x00000000e0800000, 0x00000000e0700000| Untracked 
|   8|0x00000000e0800000, 0x00000000e0900000, 0x00000000e0900000|100%| O|  |TAMS 0x00000000e0900000, 0x00000000e0800000| Untracked 
|   9|0x00000000e0900000, 0x00000000e0a00000, 0x00000000e0a00000|100%| O|  |TAMS 0x00000000e0a00000, 0x00000000e0900000| Untracked 
|  10|0x00000000e0a00000, 0x00000000e0b00000, 0x00000000e0b00000|100%| O|  |TAMS 0x00000000e0b00000, 0x00000000e0a00000| Untracked 
|  11|0x00000000e0b00000, 0x00000000e0c00000, 0x00000000e0c00000|100%| O|  |TAMS 0x00000000e0c00000, 0x00000000e0b00000| Untracked 
|  12|0x00000000e0c00000, 0x00000000e0d00000, 0x00000000e0d00000|100%| O|  |TAMS 0x00000000e0d00000, 0x00000000e0c00000| Untracked 
|  13|0x00000000e0d00000, 0x00000000e0e00000, 0x00000000e0e00000|100%| O|  |TAMS 0x00000000e0e00000, 0x00000000e0d00000| Untracked 
|  14|0x00000000e0e00000, 0x00000000e0f00000, 0x00000000e0f00000|100%| O|  |TAMS 0x00000000e0f00000, 0x00000000e0e00000| Untracked 
|  15|0x00000000e0f00000, 0x00000000e1000000, 0x00000000e1000000|100%| O|  |TAMS 0x00000000e1000000, 0x00000000e0f00000| Untracked 
|  16|0x00000000e1000000, 0x00000000e1100000, 0x00000000e1100000|100%| O|  |TAMS 0x00000000e1100000, 0x00000000e1000000| Untracked 
|  17|0x00000000e1100000, 0x00000000e1200000, 0x00000000e1200000|100%| O|  |TAMS 0x00000000e1200000, 0x00000000e1100000| Untracked 
|  18|0x00000000e1200000, 0x00000000e1300000, 0x00000000e1300000|100%| O|  |TAMS 0x00000000e1300000, 0x00000000e1200000| Untracked 
|  19|0x00000000e1300000, 0x00000000e1400000, 0x00000000e1400000|100%| O|  |TAMS 0x00000000e1400000, 0x00000000e1300000| Untracked 
|  20|0x00000000e1400000, 0x00000000e1500000, 0x00000000e1500000|100%| O|  |TAMS 0x00000000e1500000, 0x00000000e1400000| Untracked 
|  21|0x00000000e1500000, 0x00000000e1600000, 0x00000000e1600000|100%| O|  |TAMS 0x00000000e1600000, 0x00000000e1500000| Untracked 
|  22|0x00000000e1600000, 0x00000000e1700000, 0x00000000e1700000|100%| O|  |TAMS 0x00000000e1700000, 0x00000000e1600000| Untracked 
|  23|0x00000000e1700000, 0x00000000e1800000, 0x00000000e1800000|100%| O|  |TAMS 0x00000000e1800000, 0x00000000e1700000| Untracked 
|  24|0x00000000e1800000, 0x00000000e1900000, 0x00000000e1900000|100%| O|  |TAMS 0x00000000e1900000, 0x00000000e1800000| Untracked 
|  25|0x00000000e1900000, 0x00000000e1a00000, 0x00000000e1a00000|100%|HS|  |TAMS 0x00000000e1a00000, 0x00000000e1900000| Complete 
|  26|0x00000000e1a00000, 0x00000000e1b00000, 0x00000000e1b00000|100%|HC|  |TAMS 0x00000000e1b00000, 0x00000000e1a00000| Complete 
|  27|0x00000000e1b00000, 0x00000000e1c00000, 0x00000000e1c00000|100%| O|  |TAMS 0x00000000e1c00000, 0x00000000e1b00000| Untracked 
|  28|0x00000000e1c00000, 0x00000000e1d00000, 0x00000000e1d00000|100%| O|  |TAMS 0x00000000e1d00000, 0x00000000e1c00000| Untracked 
|  29|0x00000000e1d00000, 0x00000000e1e00000, 0x00000000e1e00000|100%| O|  |TAMS 0x00000000e1e00000, 0x00000000e1d00000| Untracked 
|  30|0x00000000e1e00000, 0x00000000e1f00000, 0x00000000e1f00000|100%| O|  |TAMS 0x00000000e1f00000, 0x00000000e1e00000| Untracked 
|  31|0x00000000e1f00000, 0x00000000e2000000, 0x00000000e2000000|100%| O|  |TAMS 0x00000000e2000000, 0x00000000e1f00000| Untracked 
|  32|0x00000000e2000000, 0x00000000e2100000, 0x00000000e2100000|100%| O|  |TAMS 0x00000000e2100000, 0x00000000e2000000| Untracked 
|  33|0x00000000e2100000, 0x00000000e2200000, 0x00000000e2200000|100%| O|  |TAMS 0x00000000e2200000, 0x00000000e2100000| Untracked 
|  34|0x00000000e2200000, 0x00000000e2300000, 0x00000000e2300000|100%| O|  |TAMS 0x00000000e2300000, 0x00000000e2200000| Untracked 
|  35|0x00000000e2300000, 0x00000000e2400000, 0x00000000e2400000|100%| O|  |TAMS 0x00000000e2400000, 0x00000000e2300000| Untracked 
|  36|0x00000000e2400000, 0x00000000e2500000, 0x00000000e2500000|100%| O|  |TAMS 0x00000000e2500000, 0x00000000e2400000| Untracked 
|  37|0x00000000e2500000, 0x00000000e2600000, 0x00000000e2600000|100%| O|  |TAMS 0x00000000e2600000, 0x00000000e2500000| Untracked 
|  38|0x00000000e2600000, 0x00000000e2700000, 0x00000000e2700000|100%| O|  |TAMS 0x00000000e2700000, 0x00000000e2600000| Untracked 
|  39|0x00000000e2700000, 0x00000000e2800000, 0x00000000e2800000|100%| O|  |TAMS 0x00000000e2800000, 0x00000000e2700000| Untracked 
|  40|0x00000000e2800000, 0x00000000e2900000, 0x00000000e2900000|100%| O|  |TAMS 0x00000000e2900000, 0x00000000e2800000| Untracked 
|  41|0x00000000e2900000, 0x00000000e2a00000, 0x00000000e2a00000|100%| O|  |TAMS 0x00000000e2a00000, 0x00000000e2900000| Untracked 
|  42|0x00000000e2a00000, 0x00000000e2b00000, 0x00000000e2b00000|100%| O|  |TAMS 0x00000000e2b00000, 0x00000000e2a00000| Untracked 
|  43|0x00000000e2b00000, 0x00000000e2c00000, 0x00000000e2c00000|100%| O|  |TAMS 0x00000000e2c00000, 0x00000000e2b00000| Untracked 
|  44|0x00000000e2c00000, 0x00000000e2d00000, 0x00000000e2d00000|100%| O|  |TAMS 0x00000000e2d00000, 0x00000000e2c00000| Untracked 
|  45|0x00000000e2d00000, 0x00000000e2e00000, 0x00000000e2e00000|100%| O|  |TAMS 0x00000000e2e00000, 0x00000000e2d00000| Untracked 
|  46|0x00000000e2e00000, 0x00000000e2f00000, 0x00000000e2f00000|100%| O|  |TAMS 0x00000000e2f00000, 0x00000000e2e00000| Untracked 
|  47|0x00000000e2f00000, 0x00000000e3000000, 0x00000000e3000000|100%| O|  |TAMS 0x00000000e3000000, 0x00000000e2f00000| Untracked 
|  48|0x00000000e3000000, 0x00000000e3100000, 0x00000000e3100000|100%| O|  |TAMS 0x00000000e3100000, 0x00000000e3000000| Untracked 
|  49|0x00000000e3100000, 0x00000000e3200000, 0x00000000e3200000|100%| O|  |TAMS 0x00000000e3200000, 0x00000000e3100000| Untracked 
|  50|0x00000000e3200000, 0x00000000e3300000, 0x00000000e3300000|100%| O|  |TAMS 0x00000000e3300000, 0x00000000e3200000| Untracked 
|  51|0x00000000e3300000, 0x00000000e3400000, 0x00000000e3400000|100%| O|  |TAMS 0x00000000e3400000, 0x00000000e3300000| Untracked 
|  52|0x00000000e3400000, 0x00000000e3500000, 0x00000000e3500000|100%| O|  |TAMS 0x00000000e3500000, 0x00000000e3400000| Untracked 
|  53|0x00000000e3500000, 0x00000000e3500000, 0x00000000e3600000|  0%| F|  |TAMS 0x00000000e3500000, 0x00000000e3500000| Untracked 
|  54|0x00000000e3600000, 0x00000000e3600000, 0x00000000e3700000|  0%| F|  |TAMS 0x00000000e3600000, 0x00000000e3600000| Untracked 
|  55|0x00000000e3700000, 0x00000000e3700000, 0x00000000e3800000|  0%| F|  |TAMS 0x00000000e3700000, 0x00000000e3700000| Untracked 
|  56|0x00000000e3800000, 0x00000000e3900000, 0x00000000e3900000|100%| O|  |TAMS 0x00000000e3900000, 0x00000000e3800000| Untracked 
|  57|0x00000000e3900000, 0x00000000e3a00000, 0x00000000e3a00000|100%|HS|  |TAMS 0x00000000e3a00000, 0x00000000e3900000| Complete 
|  58|0x00000000e3a00000, 0x00000000e3b00000, 0x00000000e3b00000|100%|HC|  |TAMS 0x00000000e3b00000, 0x00000000e3a00000| Complete 
|  59|0x00000000e3b00000, 0x00000000e3c00000, 0x00000000e3c00000|100%|HC|  |TAMS 0x00000000e3c00000, 0x00000000e3b00000| Complete 
|  60|0x00000000e3c00000, 0x00000000e3d00000, 0x00000000e3d00000|100%|HC|  |TAMS 0x00000000e3d00000, 0x00000000e3c00000| Complete 
|  61|0x00000000e3d00000, 0x00000000e3e00000, 0x00000000e3e00000|100%|HC|  |TAMS 0x00000000e3e00000, 0x00000000e3d00000| Complete 
|  62|0x00000000e3e00000, 0x00000000e3f00000, 0x00000000e3f00000|100%|HC|  |TAMS 0x00000000e3f00000, 0x00000000e3e00000| Complete 
|  63|0x00000000e3f00000, 0x00000000e4000000, 0x00000000e4000000|100%|HC|  |TAMS 0x00000000e4000000, 0x00000000e3f00000| Complete 
|  64|0x00000000e4000000, 0x00000000e4100000, 0x00000000e4100000|100%|HC|  |TAMS 0x00000000e4100000, 0x00000000e4000000| Complete 
|  65|0x00000000e4100000, 0x00000000e4200000, 0x00000000e4200000|100%|HC|  |TAMS 0x00000000e4200000, 0x00000000e4100000| Complete 
|  66|0x00000000e4200000, 0x00000000e4200000, 0x00000000e4300000|  0%| F|  |TAMS 0x00000000e4200000, 0x00000000e4200000| Untracked 
|  67|0x00000000e4300000, 0x00000000e4300000, 0x00000000e4400000|  0%| F|  |TAMS 0x00000000e4300000, 0x00000000e4300000| Untracked 
|  68|0x00000000e4400000, 0x00000000e4400000, 0x00000000e4500000|  0%| F|  |TAMS 0x00000000e4400000, 0x00000000e4400000| Untracked 
|  69|0x00000000e4500000, 0x00000000e4600000, 0x00000000e4600000|100%| O|  |TAMS 0x00000000e4600000, 0x00000000e4500000| Untracked 
|  70|0x00000000e4600000, 0x00000000e4611e00, 0x00000000e4700000|  6%| O|  |TAMS 0x00000000e4611e00, 0x00000000e4600000| Untracked 
|  71|0x00000000e4700000, 0x00000000e4700000, 0x00000000e4800000|  0%| F|  |TAMS 0x00000000e4700000, 0x00000000e4700000| Untracked 
|  72|0x00000000e4800000, 0x00000000e4800000, 0x00000000e4900000|  0%| F|  |TAMS 0x00000000e4800000, 0x00000000e4800000| Untracked 
|  73|0x00000000e4900000, 0x00000000e4900000, 0x00000000e4a00000|  0%| F|  |TAMS 0x00000000e4900000, 0x00000000e4900000| Untracked 
|  74|0x00000000e4a00000, 0x00000000e4a00000, 0x00000000e4b00000|  0%| F|  |TAMS 0x00000000e4a00000, 0x00000000e4a00000| Untracked 
|  75|0x00000000e4b00000, 0x00000000e4b00000, 0x00000000e4c00000|  0%| F|  |TAMS 0x00000000e4b00000, 0x00000000e4b00000| Untracked 
|  76|0x00000000e4c00000, 0x00000000e4d00000, 0x00000000e4d00000|100%|HS|  |TAMS 0x00000000e4d00000, 0x00000000e4c00000| Complete 
|  77|0x00000000e4d00000, 0x00000000e4e00000, 0x00000000e4e00000|100%|HC|  |TAMS 0x00000000e4e00000, 0x00000000e4d00000| Complete 
|  78|0x00000000e4e00000, 0x00000000e4f00000, 0x00000000e4f00000|100%|HC|  |TAMS 0x00000000e4f00000, 0x00000000e4e00000| Complete 
|  79|0x00000000e4f00000, 0x00000000e5000000, 0x00000000e5000000|100%|HC|  |TAMS 0x00000000e5000000, 0x00000000e4f00000| Complete 
|  80|0x00000000e5000000, 0x00000000e5100000, 0x00000000e5100000|100%|HC|  |TAMS 0x00000000e5100000, 0x00000000e5000000| Complete 
|  81|0x00000000e5100000, 0x00000000e5200000, 0x00000000e5200000|100%|HC|  |TAMS 0x00000000e5200000, 0x00000000e5100000| Complete 
|  82|0x00000000e5200000, 0x00000000e5300000, 0x00000000e5300000|100%|HC|  |TAMS 0x00000000e5300000, 0x00000000e5200000| Complete 
|  83|0x00000000e5300000, 0x00000000e5400000, 0x00000000e5400000|100%|HC|  |TAMS 0x00000000e5400000, 0x00000000e5300000| Complete 
|  84|0x00000000e5400000, 0x00000000e5500000, 0x00000000e5500000|100%|HC|  |TAMS 0x00000000e5500000, 0x00000000e5400000| Complete 
|  85|0x00000000e5500000, 0x00000000e5600000, 0x00000000e5600000|100%|HS|  |TAMS 0x00000000e5500000, 0x00000000e5500000| Complete 
|  86|0x00000000e5600000, 0x00000000e5700000, 0x00000000e5700000|100%|HC|  |TAMS 0x00000000e5600000, 0x00000000e5600000| Complete 
|  87|0x00000000e5700000, 0x00000000e5800000, 0x00000000e5800000|100%|HC|  |TAMS 0x00000000e5700000, 0x00000000e5700000| Complete 
|  88|0x00000000e5800000, 0x00000000e5900000, 0x00000000e5900000|100%|HC|  |TAMS 0x00000000e5800000, 0x00000000e5800000| Complete 
|  89|0x00000000e5900000, 0x00000000e5a00000, 0x00000000e5a00000|100%|HC|  |TAMS 0x00000000e5900000, 0x00000000e5900000| Complete 
|  90|0x00000000e5a00000, 0x00000000e5b00000, 0x00000000e5b00000|100%|HC|  |TAMS 0x00000000e5a00000, 0x00000000e5a00000| Complete 
|  91|0x00000000e5b00000, 0x00000000e5c00000, 0x00000000e5c00000|100%|HC|  |TAMS 0x00000000e5b00000, 0x00000000e5b00000| Complete 
|  92|0x00000000e5c00000, 0x00000000e5d00000, 0x00000000e5d00000|100%|HC|  |TAMS 0x00000000e5c00000, 0x00000000e5c00000| Complete 
|  93|0x00000000e5d00000, 0x00000000e5e00000, 0x00000000e5e00000|100%|HC|  |TAMS 0x00000000e5d00000, 0x00000000e5d00000| Complete 
|  94|0x00000000e5e00000, 0x00000000e5f00000, 0x00000000e5f00000|100%|HC|  |TAMS 0x00000000e5e00000, 0x00000000e5e00000| Complete 
|  95|0x00000000e5f00000, 0x00000000e6000000, 0x00000000e6000000|100%|HC|  |TAMS 0x00000000e5f00000, 0x00000000e5f00000| Complete 
|  96|0x00000000e6000000, 0x00000000e6100000, 0x00000000e6100000|100%|HC|  |TAMS 0x00000000e6000000, 0x00000000e6000000| Complete 
|  97|0x00000000e6100000, 0x00000000e6200000, 0x00000000e6200000|100%|HC|  |TAMS 0x00000000e6100000, 0x00000000e6100000| Complete 
|  98|0x00000000e6200000, 0x00000000e6300000, 0x00000000e6300000|100%|HC|  |TAMS 0x00000000e6200000, 0x00000000e6200000| Complete 
|  99|0x00000000e6300000, 0x00000000e6400000, 0x00000000e6400000|100%|HC|  |TAMS 0x00000000e6300000, 0x00000000e6300000| Complete 
| 100|0x00000000e6400000, 0x00000000e6500000, 0x00000000e6500000|100%|HC|  |TAMS 0x00000000e6400000, 0x00000000e6400000| Complete 
| 101|0x00000000e6500000, 0x00000000e6600000, 0x00000000e6600000|100%|HC|  |TAMS 0x00000000e6500000, 0x00000000e6500000| Complete 
| 102|0x00000000e6600000, 0x00000000e6600000, 0x00000000e6700000|  0%| F|  |TAMS 0x00000000e6600000, 0x00000000e6600000| Untracked 
| 103|0x00000000e6700000, 0x00000000e6700000, 0x00000000e6800000|  0%| F|  |TAMS 0x00000000e6700000, 0x00000000e6700000| Untracked 
| 104|0x00000000e6800000, 0x00000000e6800000, 0x00000000e6900000|  0%| F|  |TAMS 0x00000000e6800000, 0x00000000e6800000| Untracked 
| 105|0x00000000e6900000, 0x00000000e6a00000, 0x00000000e6a00000|100%| O|  |TAMS 0x00000000e6a00000, 0x00000000e6900000| Untracked 
| 106|0x00000000e6a00000, 0x00000000e6a00000, 0x00000000e6b00000|  0%| F|  |TAMS 0x00000000e6a00000, 0x00000000e6a00000| Untracked 
| 107|0x00000000e6b00000, 0x00000000e6b00000, 0x00000000e6c00000|  0%| F|  |TAMS 0x00000000e6b00000, 0x00000000e6b00000| Untracked 
| 108|0x00000000e6c00000, 0x00000000e6c00000, 0x00000000e6d00000|  0%| F|  |TAMS 0x00000000e6c00000, 0x00000000e6c00000| Untracked 
| 109|0x00000000e6d00000, 0x00000000e6d00000, 0x00000000e6e00000|  0%| F|  |TAMS 0x00000000e6d00000, 0x00000000e6d00000| Untracked 
| 110|0x00000000e6e00000, 0x00000000e6e00000, 0x00000000e6f00000|  0%| F|  |TAMS 0x00000000e6e00000, 0x00000000e6e00000| Untracked 
| 111|0x00000000e6f00000, 0x00000000e7000000, 0x00000000e7000000|100%| O|  |TAMS 0x00000000e7000000, 0x00000000e6f00000| Untracked 
| 112|0x00000000e7000000, 0x00000000e7100000, 0x00000000e7100000|100%| O|  |TAMS 0x00000000e7100000, 0x00000000e7000000| Untracked 
| 113|0x00000000e7100000, 0x00000000e7200000, 0x00000000e7200000|100%| O|  |TAMS 0x00000000e7200000, 0x00000000e7100000| Untracked 
| 114|0x00000000e7200000, 0x00000000e7300000, 0x00000000e7300000|100%| O|  |TAMS 0x00000000e7300000, 0x00000000e7200000| Untracked 
| 115|0x00000000e7300000, 0x00000000e7400000, 0x00000000e7400000|100%| O|  |TAMS 0x00000000e7400000, 0x00000000e7300000| Untracked 
| 116|0x00000000e7400000, 0x00000000e7500000, 0x00000000e7500000|100%| O|  |TAMS 0x00000000e7500000, 0x00000000e7400000| Untracked 
| 117|0x00000000e7500000, 0x00000000e7600000, 0x00000000e7600000|100%| O|  |TAMS 0x00000000e7600000, 0x00000000e7500000| Untracked 
| 118|0x00000000e7600000, 0x00000000e7700000, 0x00000000e7700000|100%| O|  |TAMS 0x00000000e7700000, 0x00000000e7600000| Untracked 
| 119|0x00000000e7700000, 0x00000000e7800000, 0x00000000e7800000|100%| O|  |TAMS 0x00000000e7800000, 0x00000000e7700000| Untracked 
| 120|0x00000000e7800000, 0x00000000e7900000, 0x00000000e7900000|100%| O|  |TAMS 0x00000000e7900000, 0x00000000e7800000| Untracked 
| 121|0x00000000e7900000, 0x00000000e7a00000, 0x00000000e7a00000|100%| O|  |TAMS 0x00000000e7a00000, 0x00000000e7900000| Untracked 
| 122|0x00000000e7a00000, 0x00000000e7b00000, 0x00000000e7b00000|100%| O|  |TAMS 0x00000000e7b00000, 0x00000000e7a00000| Untracked 
| 123|0x00000000e7b00000, 0x00000000e7c00000, 0x00000000e7c00000|100%| O|  |TAMS 0x00000000e7c00000, 0x00000000e7b00000| Untracked 
| 124|0x00000000e7c00000, 0x00000000e7c00000, 0x00000000e7d00000|  0%| F|  |TAMS 0x00000000e7c00000, 0x00000000e7c00000| Untracked 
| 125|0x00000000e7d00000, 0x00000000e7d00000, 0x00000000e7e00000|  0%| F|  |TAMS 0x00000000e7d00000, 0x00000000e7d00000| Untracked 
| 126|0x00000000e7e00000, 0x00000000e7f00000, 0x00000000e7f00000|100%| O|  |TAMS 0x00000000e7f00000, 0x00000000e7e00000| Untracked 
| 127|0x00000000e7f00000, 0x00000000e8000000, 0x00000000e8000000|100%| O|  |TAMS 0x00000000e8000000, 0x00000000e7f00000| Untracked 
| 128|0x00000000e8000000, 0x00000000e8100000, 0x00000000e8100000|100%| O|  |TAMS 0x00000000e8100000, 0x00000000e8000000| Untracked 
| 129|0x00000000e8100000, 0x00000000e8200000, 0x00000000e8200000|100%| O|  |TAMS 0x00000000e8200000, 0x00000000e8100000| Untracked 
| 130|0x00000000e8200000, 0x00000000e8300000, 0x00000000e8300000|100%|HS|  |TAMS 0x00000000e8300000, 0x00000000e8200000| Complete 
| 131|0x00000000e8300000, 0x00000000e8400000, 0x00000000e8400000|100%|HC|  |TAMS 0x00000000e8400000, 0x00000000e8300000| Complete 
| 132|0x00000000e8400000, 0x00000000e8500000, 0x00000000e8500000|100%|HC|  |TAMS 0x00000000e8500000, 0x00000000e8400000| Complete 
| 133|0x00000000e8500000, 0x00000000e8600000, 0x00000000e8600000|100%|HC|  |TAMS 0x00000000e8600000, 0x00000000e8500000| Complete 
| 134|0x00000000e8600000, 0x00000000e8700000, 0x00000000e8700000|100%|HC|  |TAMS 0x00000000e8700000, 0x00000000e8600000| Complete 
| 135|0x00000000e8700000, 0x00000000e8800000, 0x00000000e8800000|100%|HC|  |TAMS 0x00000000e8800000, 0x00000000e8700000| Complete 
| 136|0x00000000e8800000, 0x00000000e8900000, 0x00000000e8900000|100%|HC|  |TAMS 0x00000000e8900000, 0x00000000e8800000| Complete 
| 137|0x00000000e8900000, 0x00000000e8a00000, 0x00000000e8a00000|100%|HC|  |TAMS 0x00000000e8a00000, 0x00000000e8900000| Complete 
| 138|0x00000000e8a00000, 0x00000000e8b00000, 0x00000000e8b00000|100%|HC|  |TAMS 0x00000000e8b00000, 0x00000000e8a00000| Complete 
| 139|0x00000000e8b00000, 0x00000000e8c00000, 0x00000000e8c00000|100%|HS|  |TAMS 0x00000000e8b00000, 0x00000000e8b00000| Complete 
| 140|0x00000000e8c00000, 0x00000000e8d00000, 0x00000000e8d00000|100%|HC|  |TAMS 0x00000000e8c00000, 0x00000000e8c00000| Complete 
| 141|0x00000000e8d00000, 0x00000000e8e00000, 0x00000000e8e00000|100%|HC|  |TAMS 0x00000000e8d00000, 0x00000000e8d00000| Complete 
| 142|0x00000000e8e00000, 0x00000000e8f00000, 0x00000000e8f00000|100%|HC|  |TAMS 0x00000000e8e00000, 0x00000000e8e00000| Complete 
| 143|0x00000000e8f00000, 0x00000000e9000000, 0x00000000e9000000|100%|HC|  |TAMS 0x00000000e8f00000, 0x00000000e8f00000| Complete 
| 144|0x00000000e9000000, 0x00000000e9100000, 0x00000000e9100000|100%|HC|  |TAMS 0x00000000e9000000, 0x00000000e9000000| Complete 
| 145|0x00000000e9100000, 0x00000000e9200000, 0x00000000e9200000|100%|HC|  |TAMS 0x00000000e9100000, 0x00000000e9100000| Complete 
| 146|0x00000000e9200000, 0x00000000e9300000, 0x00000000e9300000|100%|HC|  |TAMS 0x00000000e9200000, 0x00000000e9200000| Complete 
| 147|0x00000000e9300000, 0x00000000e9400000, 0x00000000e9400000|100%|HC|  |TAMS 0x00000000e9300000, 0x00000000e9300000| Complete 
| 148|0x00000000e9400000, 0x00000000e9500000, 0x00000000e9500000|100%|HC|  |TAMS 0x00000000e9400000, 0x00000000e9400000| Complete 
| 149|0x00000000e9500000, 0x00000000e9600000, 0x00000000e9600000|100%|HC|  |TAMS 0x00000000e9500000, 0x00000000e9500000| Complete 
| 150|0x00000000e9600000, 0x00000000e9600000, 0x00000000e9700000|  0%| F|  |TAMS 0x00000000e9600000, 0x00000000e9600000| Untracked 
| 151|0x00000000e9700000, 0x00000000e9700000, 0x00000000e9800000|  0%| F|  |TAMS 0x00000000e9700000, 0x00000000e9700000| Untracked 
| 152|0x00000000e9800000, 0x00000000e9800000, 0x00000000e9900000|  0%| F|  |TAMS 0x00000000e9800000, 0x00000000e9800000| Untracked 
| 153|0x00000000e9900000, 0x00000000e9900000, 0x00000000e9a00000|  0%| F|  |TAMS 0x00000000e9900000, 0x00000000e9900000| Untracked 
| 154|0x00000000e9a00000, 0x00000000e9a00000, 0x00000000e9b00000|  0%| F|  |TAMS 0x00000000e9a00000, 0x00000000e9a00000| Untracked 
| 155|0x00000000e9b00000, 0x00000000e9b00000, 0x00000000e9c00000|  0%| F|  |TAMS 0x00000000e9b00000, 0x00000000e9b00000| Untracked 
| 156|0x00000000e9c00000, 0x00000000e9c00000, 0x00000000e9d00000|  0%| F|  |TAMS 0x00000000e9c00000, 0x00000000e9c00000| Untracked 
| 157|0x00000000e9d00000, 0x00000000e9d00000, 0x00000000e9e00000|  0%| F|  |TAMS 0x00000000e9d00000, 0x00000000e9d00000| Untracked 
| 158|0x00000000e9e00000, 0x00000000e9e00000, 0x00000000e9f00000|  0%| F|  |TAMS 0x00000000e9e00000, 0x00000000e9e00000| Untracked 
| 159|0x00000000e9f00000, 0x00000000e9f00000, 0x00000000ea000000|  0%| F|  |TAMS 0x00000000e9f00000, 0x00000000e9f00000| Untracked 
| 160|0x00000000ea000000, 0x00000000ea000000, 0x00000000ea100000|  0%| F|  |TAMS 0x00000000ea000000, 0x00000000ea000000| Untracked 
| 161|0x00000000ea100000, 0x00000000ea200000, 0x00000000ea200000|100%|HS|  |TAMS 0x00000000ea200000, 0x00000000ea100000| Complete 
| 162|0x00000000ea200000, 0x00000000ea300000, 0x00000000ea300000|100%|HC|  |TAMS 0x00000000ea300000, 0x00000000ea200000| Complete 
| 163|0x00000000ea300000, 0x00000000ea400000, 0x00000000ea400000|100%|HC|  |TAMS 0x00000000ea400000, 0x00000000ea300000| Complete 
| 164|0x00000000ea400000, 0x00000000ea500000, 0x00000000ea500000|100%|HC|  |TAMS 0x00000000ea500000, 0x00000000ea400000| Complete 
| 165|0x00000000ea500000, 0x00000000ea600000, 0x00000000ea600000|100%|HC|  |TAMS 0x00000000ea600000, 0x00000000ea500000| Complete 
| 166|0x00000000ea600000, 0x00000000ea700000, 0x00000000ea700000|100%|HC|  |TAMS 0x00000000ea700000, 0x00000000ea600000| Complete 
| 167|0x00000000ea700000, 0x00000000ea800000, 0x00000000ea800000|100%|HC|  |TAMS 0x00000000ea800000, 0x00000000ea700000| Complete 
| 168|0x00000000ea800000, 0x00000000ea900000, 0x00000000ea900000|100%|HC|  |TAMS 0x00000000ea900000, 0x00000000ea800000| Complete 
| 169|0x00000000ea900000, 0x00000000eaa00000, 0x00000000eaa00000|100%|HC|  |TAMS 0x00000000eaa00000, 0x00000000ea900000| Complete 
| 170|0x00000000eaa00000, 0x00000000eab00000, 0x00000000eab00000|100%|HC|  |TAMS 0x00000000eab00000, 0x00000000eaa00000| Complete 
| 171|0x00000000eab00000, 0x00000000eac00000, 0x00000000eac00000|100%|HC|  |TAMS 0x00000000eac00000, 0x00000000eab00000| Complete 
| 172|0x00000000eac00000, 0x00000000eac00000, 0x00000000ead00000|  0%| F|  |TAMS 0x00000000eac00000, 0x00000000eac00000| Untracked 
| 173|0x00000000ead00000, 0x00000000ead00000, 0x00000000eae00000|  0%| F|  |TAMS 0x00000000ead00000, 0x00000000ead00000| Untracked 
| 174|0x00000000eae00000, 0x00000000eae00000, 0x00000000eaf00000|  0%| F|  |TAMS 0x00000000eae00000, 0x00000000eae00000| Untracked 
| 175|0x00000000eaf00000, 0x00000000eaf00000, 0x00000000eb000000|  0%| F|  |TAMS 0x00000000eaf00000, 0x00000000eaf00000| Untracked 
| 176|0x00000000eb000000, 0x00000000eb000000, 0x00000000eb100000|  0%| F|  |TAMS 0x00000000eb000000, 0x00000000eb000000| Untracked 
| 177|0x00000000eb100000, 0x00000000eb100000, 0x00000000eb200000|  0%| F|  |TAMS 0x00000000eb100000, 0x00000000eb100000| Untracked 
| 178|0x00000000eb200000, 0x00000000eb200000, 0x00000000eb300000|  0%| F|  |TAMS 0x00000000eb200000, 0x00000000eb200000| Untracked 
| 179|0x00000000eb300000, 0x00000000eb300000, 0x00000000eb400000|  0%| F|  |TAMS 0x00000000eb300000, 0x00000000eb300000| Untracked 
| 180|0x00000000eb400000, 0x00000000eb400000, 0x00000000eb500000|  0%| F|  |TAMS 0x00000000eb400000, 0x00000000eb400000| Untracked 
| 181|0x00000000eb500000, 0x00000000eb500000, 0x00000000eb600000|  0%| F|  |TAMS 0x00000000eb500000, 0x00000000eb500000| Untracked 
| 182|0x00000000eb600000, 0x00000000eb600000, 0x00000000eb700000|  0%| F|  |TAMS 0x00000000eb600000, 0x00000000eb600000| Untracked 
| 183|0x00000000eb700000, 0x00000000eb700000, 0x00000000eb800000|  0%| F|  |TAMS 0x00000000eb700000, 0x00000000eb700000| Untracked 
| 184|0x00000000eb800000, 0x00000000eb800000, 0x00000000eb900000|  0%| F|  |TAMS 0x00000000eb800000, 0x00000000eb800000| Untracked 
| 185|0x00000000eb900000, 0x00000000eb900000, 0x00000000eba00000|  0%| F|  |TAMS 0x00000000eb900000, 0x00000000eb900000| Untracked 
| 186|0x00000000eba00000, 0x00000000eba00000, 0x00000000ebb00000|  0%| F|  |TAMS 0x00000000eba00000, 0x00000000eba00000| Untracked 
| 187|0x00000000ebb00000, 0x00000000ebb00000, 0x00000000ebc00000|  0%| F|  |TAMS 0x00000000ebb00000, 0x00000000ebb00000| Untracked 
| 188|0x00000000ebc00000, 0x00000000ebc00000, 0x00000000ebd00000|  0%| F|  |TAMS 0x00000000ebc00000, 0x00000000ebc00000| Untracked 
| 189|0x00000000ebd00000, 0x00000000ebd00000, 0x00000000ebe00000|  0%| F|  |TAMS 0x00000000ebd00000, 0x00000000ebd00000| Untracked 
| 190|0x00000000ebe00000, 0x00000000ebe00000, 0x00000000ebf00000|  0%| F|  |TAMS 0x00000000ebe00000, 0x00000000ebe00000| Untracked 
| 191|0x00000000ebf00000, 0x00000000ebf00000, 0x00000000ec000000|  0%| F|  |TAMS 0x00000000ebf00000, 0x00000000ebf00000| Untracked 
| 192|0x00000000ec000000, 0x00000000ec000000, 0x00000000ec100000|  0%| F|  |TAMS 0x00000000ec000000, 0x00000000ec000000| Untracked 
| 193|0x00000000ec100000, 0x00000000ec100000, 0x00000000ec200000|  0%| F|  |TAMS 0x00000000ec100000, 0x00000000ec100000| Untracked 
| 194|0x00000000ec200000, 0x00000000ec200000, 0x00000000ec300000|  0%| F|  |TAMS 0x00000000ec200000, 0x00000000ec200000| Untracked 
| 195|0x00000000ec300000, 0x00000000ec300000, 0x00000000ec400000|  0%| F|  |TAMS 0x00000000ec300000, 0x00000000ec300000| Untracked 
| 196|0x00000000ec400000, 0x00000000ec400000, 0x00000000ec500000|  0%| F|  |TAMS 0x00000000ec400000, 0x00000000ec400000| Untracked 
| 197|0x00000000ec500000, 0x00000000ec500000, 0x00000000ec600000|  0%| F|  |TAMS 0x00000000ec500000, 0x00000000ec500000| Untracked 
| 198|0x00000000ec600000, 0x00000000ec600000, 0x00000000ec700000|  0%| F|  |TAMS 0x00000000ec600000, 0x00000000ec600000| Untracked 
| 199|0x00000000ec700000, 0x00000000ec700000, 0x00000000ec800000|  0%| F|  |TAMS 0x00000000ec700000, 0x00000000ec700000| Untracked 
| 200|0x00000000ec800000, 0x00000000ec800000, 0x00000000ec900000|  0%| F|  |TAMS 0x00000000ec800000, 0x00000000ec800000| Untracked 
| 201|0x00000000ec900000, 0x00000000ec900000, 0x00000000eca00000|  0%| F|  |TAMS 0x00000000ec900000, 0x00000000ec900000| Untracked 
| 202|0x00000000eca00000, 0x00000000eca00000, 0x00000000ecb00000|  0%| F|  |TAMS 0x00000000eca00000, 0x00000000eca00000| Untracked 
| 203|0x00000000ecb00000, 0x00000000ecb00000, 0x00000000ecc00000|  0%| F|  |TAMS 0x00000000ecb00000, 0x00000000ecb00000| Untracked 
| 204|0x00000000ecc00000, 0x00000000ecc00000, 0x00000000ecd00000|  0%| F|  |TAMS 0x00000000ecc00000, 0x00000000ecc00000| Untracked 
| 205|0x00000000ecd00000, 0x00000000ecd00000, 0x00000000ece00000|  0%| F|  |TAMS 0x00000000ecd00000, 0x00000000ecd00000| Untracked 
| 206|0x00000000ece00000, 0x00000000ece00000, 0x00000000ecf00000|  0%| F|  |TAMS 0x00000000ece00000, 0x00000000ece00000| Untracked 
| 207|0x00000000ecf00000, 0x00000000ecf00000, 0x00000000ed000000|  0%| F|  |TAMS 0x00000000ecf00000, 0x00000000ecf00000| Untracked 
| 208|0x00000000ed000000, 0x00000000ed000000, 0x00000000ed100000|  0%| F|  |TAMS 0x00000000ed000000, 0x00000000ed000000| Untracked 
| 209|0x00000000ed100000, 0x00000000ed100000, 0x00000000ed200000|  0%| F|  |TAMS 0x00000000ed100000, 0x00000000ed100000| Untracked 
| 210|0x00000000ed200000, 0x00000000ed200000, 0x00000000ed300000|  0%| F|  |TAMS 0x00000000ed200000, 0x00000000ed200000| Untracked 
| 211|0x00000000ed300000, 0x00000000ed300000, 0x00000000ed400000|  0%| F|  |TAMS 0x00000000ed300000, 0x00000000ed300000| Untracked 
| 212|0x00000000ed400000, 0x00000000ed400000, 0x00000000ed500000|  0%| F|  |TAMS 0x00000000ed400000, 0x00000000ed400000| Untracked 
| 213|0x00000000ed500000, 0x00000000ed500000, 0x00000000ed600000|  0%| F|  |TAMS 0x00000000ed500000, 0x00000000ed500000| Untracked 
| 214|0x00000000ed600000, 0x00000000ed600000, 0x00000000ed700000|  0%| F|  |TAMS 0x00000000ed600000, 0x00000000ed600000| Untracked 
| 215|0x00000000ed700000, 0x00000000ed700000, 0x00000000ed800000|  0%| F|  |TAMS 0x00000000ed700000, 0x00000000ed700000| Untracked 
| 216|0x00000000ed800000, 0x00000000ed800000, 0x00000000ed900000|  0%| F|  |TAMS 0x00000000ed800000, 0x00000000ed800000| Untracked 
| 217|0x00000000ed900000, 0x00000000ed900000, 0x00000000eda00000|  0%| F|  |TAMS 0x00000000ed900000, 0x00000000ed900000| Untracked 
| 218|0x00000000eda00000, 0x00000000eda00000, 0x00000000edb00000|  0%| F|  |TAMS 0x00000000eda00000, 0x00000000eda00000| Untracked 
| 219|0x00000000edb00000, 0x00000000edb00000, 0x00000000edc00000|  0%| F|  |TAMS 0x00000000edb00000, 0x00000000edb00000| Untracked 
| 220|0x00000000edc00000, 0x00000000edc00000, 0x00000000edd00000|  0%| F|  |TAMS 0x00000000edc00000, 0x00000000edc00000| Untracked 
| 221|0x00000000edd00000, 0x00000000edd00000, 0x00000000ede00000|  0%| F|  |TAMS 0x00000000edd00000, 0x00000000edd00000| Untracked 
| 222|0x00000000ede00000, 0x00000000ede00000, 0x00000000edf00000|  0%| F|  |TAMS 0x00000000ede00000, 0x00000000ede00000| Untracked 
| 223|0x00000000edf00000, 0x00000000edf00000, 0x00000000ee000000|  0%| F|  |TAMS 0x00000000edf00000, 0x00000000edf00000| Untracked 
| 224|0x00000000ee000000, 0x00000000ee000000, 0x00000000ee100000|  0%| F|  |TAMS 0x00000000ee000000, 0x00000000ee000000| Untracked 
| 225|0x00000000ee100000, 0x00000000ee100000, 0x00000000ee200000|  0%| F|  |TAMS 0x00000000ee100000, 0x00000000ee100000| Untracked 
| 226|0x00000000ee200000, 0x00000000ee200000, 0x00000000ee300000|  0%| F|  |TAMS 0x00000000ee200000, 0x00000000ee200000| Untracked 
| 227|0x00000000ee300000, 0x00000000ee300000, 0x00000000ee400000|  0%| F|  |TAMS 0x00000000ee300000, 0x00000000ee300000| Untracked 
| 228|0x00000000ee400000, 0x00000000ee400000, 0x00000000ee500000|  0%| F|  |TAMS 0x00000000ee400000, 0x00000000ee400000| Untracked 
| 229|0x00000000ee500000, 0x00000000ee500000, 0x00000000ee600000|  0%| F|  |TAMS 0x00000000ee500000, 0x00000000ee500000| Untracked 
| 230|0x00000000ee600000, 0x00000000ee600000, 0x00000000ee700000|  0%| F|  |TAMS 0x00000000ee600000, 0x00000000ee600000| Untracked 
| 231|0x00000000ee700000, 0x00000000ee700000, 0x00000000ee800000|  0%| F|  |TAMS 0x00000000ee700000, 0x00000000ee700000| Untracked 
| 232|0x00000000ee800000, 0x00000000ee800000, 0x00000000ee900000|  0%| F|  |TAMS 0x00000000ee800000, 0x00000000ee800000| Untracked 
| 233|0x00000000ee900000, 0x00000000ee900000, 0x00000000eea00000|  0%| F|  |TAMS 0x00000000ee900000, 0x00000000ee900000| Untracked 
| 234|0x00000000eea00000, 0x00000000eea00000, 0x00000000eeb00000|  0%| F|  |TAMS 0x00000000eea00000, 0x00000000eea00000| Untracked 
| 235|0x00000000eeb00000, 0x00000000eeb00000, 0x00000000eec00000|  0%| F|  |TAMS 0x00000000eeb00000, 0x00000000eeb00000| Untracked 
| 236|0x00000000eec00000, 0x00000000eec00000, 0x00000000eed00000|  0%| F|  |TAMS 0x00000000eec00000, 0x00000000eec00000| Untracked 
| 237|0x00000000eed00000, 0x00000000eed00000, 0x00000000eee00000|  0%| F|  |TAMS 0x00000000eed00000, 0x00000000eed00000| Untracked 
| 238|0x00000000eee00000, 0x00000000eee00000, 0x00000000eef00000|  0%| F|  |TAMS 0x00000000eee00000, 0x00000000eee00000| Untracked 
| 239|0x00000000eef00000, 0x00000000eef00000, 0x00000000ef000000|  0%| F|  |TAMS 0x00000000eef00000, 0x00000000eef00000| Untracked 
| 240|0x00000000ef000000, 0x00000000ef000000, 0x00000000ef100000|  0%| F|  |TAMS 0x00000000ef000000, 0x00000000ef000000| Untracked 
| 241|0x00000000ef100000, 0x00000000ef100000, 0x00000000ef200000|  0%| F|  |TAMS 0x00000000ef100000, 0x00000000ef100000| Untracked 
| 242|0x00000000ef200000, 0x00000000ef214eb0, 0x00000000ef300000|  8%| S|CS|TAMS 0x00000000ef200000, 0x00000000ef200000| Complete 
| 243|0x00000000ef300000, 0x00000000ef400000, 0x00000000ef400000|100%| S|CS|TAMS 0x00000000ef300000, 0x00000000ef300000| Complete 
| 244|0x00000000ef400000, 0x00000000ef400000, 0x00000000ef500000|  0%| F|  |TAMS 0x00000000ef400000, 0x00000000ef400000| Untracked 
| 245|0x00000000ef500000, 0x00000000ef500000, 0x00000000ef600000|  0%| F|  |TAMS 0x00000000ef500000, 0x00000000ef500000| Untracked 
| 246|0x00000000ef600000, 0x00000000ef600000, 0x00000000ef700000|  0%| F|  |TAMS 0x00000000ef600000, 0x00000000ef600000| Untracked 
| 247|0x00000000ef700000, 0x00000000ef700000, 0x00000000ef800000|  0%| F|  |TAMS 0x00000000ef700000, 0x00000000ef700000| Untracked 
| 248|0x00000000ef800000, 0x00000000ef800000, 0x00000000ef900000|  0%| F|  |TAMS 0x00000000ef800000, 0x00000000ef800000| Untracked 
| 249|0x00000000ef900000, 0x00000000ef90e378, 0x00000000efa00000|  5%| E|  |TAMS 0x00000000ef900000, 0x00000000ef900000| Complete 
| 250|0x00000000efa00000, 0x00000000efb00000, 0x00000000efb00000|100%| E|CS|TAMS 0x00000000efa00000, 0x00000000efa00000| Complete 
| 251|0x00000000efb00000, 0x00000000efc00000, 0x00000000efc00000|100%| E|CS|TAMS 0x00000000efb00000, 0x00000000efb00000| Complete 
| 252|0x00000000efc00000, 0x00000000efd00000, 0x00000000efd00000|100%| E|CS|TAMS 0x00000000efc00000, 0x00000000efc00000| Complete 
| 253|0x00000000efd00000, 0x00000000efe00000, 0x00000000efe00000|100%| E|CS|TAMS 0x00000000efd00000, 0x00000000efd00000| Complete 
| 254|0x00000000efe00000, 0x00000000eff00000, 0x00000000eff00000|100%| E|CS|TAMS 0x00000000efe00000, 0x00000000efe00000| Complete 
| 255|0x00000000eff00000, 0x00000000f0000000, 0x00000000f0000000|100%| E|CS|TAMS 0x00000000eff00000, 0x00000000eff00000| Complete 

Card table byte_map: [0x0000023dcf780000,0x0000023dcf880000] _byte_map_base: 0x0000023dcf080000

Marking Bits (Prev, Next): (CMBitMap*) 0x0000023db9121a28, (CMBitMap*) 0x0000023db9121a60
 Prev Bits: [0x0000023dcf980000, 0x0000023dd0180000)
 Next Bits: [0x0000023dd0180000, 0x0000023dd0980000)

Polling page: 0x0000023db88e0000

Metaspace:

Usage:
  Non-class:     78.18 MB capacity,    76.73 MB ( 98%) used,     1.24 MB (  2%) free+waste,   214.63 KB ( <1%) overhead. 
      Class:     11.50 MB capacity,    10.72 MB ( 93%) used,   694.25 KB (  6%) free+waste,   100.00 KB ( <1%) overhead. 
       Both:     89.68 MB capacity,    87.45 MB ( 98%) used,     1.92 MB (  2%) free+waste,   314.63 KB ( <1%) overhead. 

Virtual space:
  Non-class space:       80.00 MB reserved,      78.25 MB ( 98%) committed 
      Class space:      248.00 MB reserved,      11.71 MB (  5%) committed 
             Both:      328.00 MB reserved,      89.96 MB ( 27%) committed 

Chunk freelists:
   Non-Class:  8.88 KB
       Class:  12.63 KB
        Both:  21.50 KB

CodeHeap 'non-profiled nmethods': size=120064Kb used=8288Kb max_used=8288Kb free=111775Kb
 bounds [0x0000023dc8240000, 0x0000023dc8a60000, 0x0000023dcf780000]
CodeHeap 'profiled nmethods': size=120000Kb used=30571Kb max_used=30571Kb free=89428Kb
 bounds [0x0000023dc0d10000, 0x0000023dc2b00000, 0x0000023dc8240000]
CodeHeap 'non-nmethods': size=5696Kb used=2308Kb max_used=2374Kb free=3387Kb
 bounds [0x0000023dc0780000, 0x0000023dc09f0000, 0x0000023dc0d10000]
 total_blobs=14065 nmethods=13139 adapters=837
 compilation: enabled
              stopped_count=0, restarted_count=0
 full_count=0

Compilation events (10 events):
Event: 356.972 Thread 0x0000023dd2fa5000 nmethod 14830 0x0000023dc8a57890 code [0x0000023dc8a57a40, 0x0000023dc8a58478]
Event: 356.980 Thread 0x0000023dd2fa5000 14831       4       org.gradle.internal.snapshot.SnapshotUtil$$Lambda$347/0x00000001006f3840::compareTo (16 bytes)
Event: 356.986 Thread 0x0000023dd2fa5000 nmethod 14831 0x0000023dc8a58990 code [0x0000023dc8a58b20, 0x0000023dc8a58c48]
Event: 356.996 Thread 0x0000023dd2fa5000 14832       4       org.gradle.cache.internal.btree.CachingBlockStore::read (56 bytes)
Event: 357.030 Thread 0x0000023dd396e800 14833       3       java.util.zip.ZipFile$Source::close (38 bytes)
Event: 357.031 Thread 0x0000023dd396e800 nmethod 14833 0x0000023dc2aeb610 code [0x0000023dc2aeb7c0, 0x0000023dc2aeba08]
Event: 357.053 Thread 0x0000023dd396e800 14834       3       org.gradle.internal.instantiation.generator.Jsr330ConstructorSelector::vetoParameters (71 bytes)
Event: 357.059 Thread 0x0000023dd396e800 nmethod 14834 0x0000023dc2aebb10 code [0x0000023dc2aebd00, 0x0000023dc2aec0a8]
Event: 357.202 Thread 0x0000023dd396e800 14837 % !   3       org.gradle.internal.hash.DefaultStreamHasher::doHash @ 20 (84 bytes)
Event: 357.210 Thread 0x0000023dd396e800 nmethod 14837% 0x0000023dc2aec290 code [0x0000023dc2aec680, 0x0000023dc2aee9a8]

GC Heap History (10 events):
Event: 347.340 GC heap before
{Heap before GC invocations=56 (full 0):
 garbage-first heap   total 262144K, used 120832K [0x00000000e0000000, 0x0000000100000000)
  region size 1024K, 3 young (3072K), 1 survivors (1024K)
 Metaspace       used 89534K, capacity 91828K, committed 92120K, reserved 335872K
  class space    used 10976K, capacity 11771K, committed 11992K, reserved 253952K
}
Event: 347.357 GC heap after
{Heap after GC invocations=57 (full 0):
 garbage-first heap   total 262144K, used 99328K [0x00000000e0000000, 0x0000000100000000)
  region size 1024K, 1 young (1024K), 1 survivors (1024K)
 Metaspace       used 89534K, capacity 91828K, committed 92120K, reserved 335872K
  class space    used 10976K, capacity 11771K, committed 11992K, reserved 253952K
}
Event: 349.405 GC heap before
{Heap before GC invocations=58 (full 0):
 garbage-first heap   total 262144K, used 113664K [0x00000000e0000000, 0x0000000100000000)
  region size 1024K, 2 young (2048K), 1 survivors (1024K)
 Metaspace       used 89534K, capacity 91828K, committed 92120K, reserved 335872K
  class space    used 10976K, capacity 11771K, committed 11992K, reserved 253952K
}
Event: 349.422 GC heap after
{Heap after GC invocations=59 (full 0):
 garbage-first heap   total 262144K, used 105611K [0x00000000e0000000, 0x0000000100000000)
  region size 1024K, 2 young (2048K), 2 survivors (2048K)
 Metaspace       used 89534K, capacity 91828K, committed 92120K, reserved 335872K
  class space    used 10976K, capacity 11771K, committed 11992K, reserved 253952K
}
Event: 350.610 GC heap before
{Heap before GC invocations=60 (full 0):
 garbage-first heap   total 262144K, used 138379K [0x00000000e0000000, 0x0000000100000000)
  region size 1024K, 4 young (4096K), 2 survivors (2048K)
 Metaspace       used 89534K, capacity 91828K, committed 92120K, reserved 335872K
  class space    used 10976K, capacity 11771K, committed 11992K, reserved 253952K
}
Event: 350.623 GC heap after
{Heap after GC invocations=61 (full 0):
 garbage-first heap   total 262144K, used 108714K [0x00000000e0000000, 0x0000000100000000)
  region size 1024K, 2 young (2048K), 2 survivors (2048K)
 Metaspace       used 89534K, capacity 91828K, committed 92120K, reserved 335872K
  class space    used 10976K, capacity 11771K, committed 11992K, reserved 253952K
}
Event: 351.568 GC heap before
{Heap before GC invocations=62 (full 0):
 garbage-first heap   total 262144K, used 115882K [0x00000000e0000000, 0x0000000100000000)
  region size 1024K, 5 young (5120K), 2 survivors (2048K)
 Metaspace       used 89534K, capacity 91828K, committed 92120K, reserved 335872K
  class space    used 10976K, capacity 11771K, committed 11992K, reserved 253952K
}
Event: 351.582 GC heap after
{Heap after GC invocations=63 (full 0):
 garbage-first heap   total 262144K, used 110490K [0x00000000e0000000, 0x0000000100000000)
  region size 1024K, 1 young (1024K), 1 survivors (1024K)
 Metaspace       used 89534K, capacity 91828K, committed 92120K, reserved 335872K
  class space    used 10976K, capacity 11771K, committed 11992K, reserved 253952K
}
Event: 352.948 GC heap before
{Heap before GC invocations=64 (full 0):
 garbage-first heap   total 262144K, used 128922K [0x00000000e0000000, 0x0000000100000000)
  region size 1024K, 12 young (12288K), 1 survivors (1024K)
 Metaspace       used 89535K, capacity 91828K, committed 92120K, reserved 335872K
  class space    used 10976K, capacity 11771K, committed 11992K, reserved 253952K
}
Event: 352.962 GC heap after
{Heap after GC invocations=65 (full 0):
 garbage-first heap   total 262144K, used 114843K [0x00000000e0000000, 0x0000000100000000)
  region size 1024K, 2 young (2048K), 2 survivors (2048K)
 Metaspace       used 89535K, capacity 91828K, committed 92120K, reserved 335872K
  class space    used 10976K, capacity 11771K, committed 11992K, reserved 253952K
}

Deoptimization events (10 events):
Event: 321.344 Thread 0x0000023dd3c05800 Uncommon trap: reason=class_check action=maybe_recompile pc=0x0000023dc8987f44 method=java.util.zip.ZipOutputStream.writeInt(J)V @ 14 c2
Event: 325.569 Thread 0x0000023dd7a94800 Uncommon trap: reason=unstable_if action=reinterpret pc=0x0000023dc89c6400 method=org.objectweb.asm.signature.SignatureReader.parseType(Ljava/lang/String;ILorg/objectweb/asm/signature/SignatureVisitor;)I @ 325 c2
Event: 326.285 Thread 0x0000023dd7a93800 Uncommon trap: reason=unstable_if action=reinterpret pc=0x0000023dc89e00ec method=java.util.zip.ZipOutputStream.write([BII)V @ 29 c2
Event: 326.286 Thread 0x0000023dd7a93800 Uncommon trap: reason=unstable_if action=reinterpret pc=0x0000023dc89ddf28 method=java.util.zip.Deflater.deflate([BIII)I @ 109 c2
Event: 333.567 Thread 0x0000023dd7a96000 Uncommon trap: reason=bimorphic_or_optimized_type_check action=maybe_recompile pc=0x0000023dc864321c method=java.util.ComparableTimSort.countRunAndMakeAscending([Ljava/lang/Object;II)I @ 66 c2
Event: 333.568 Thread 0x0000023dd7a96000 Uncommon trap: reason=bimorphic_or_optimized_type_check action=maybe_recompile pc=0x0000023dc86384f4 method=java.util.ComparableTimSort.binarySort([Ljava/lang/Object;III)V @ 94 c2
Event: 333.901 Thread 0x0000023dd7a93800 Uncommon trap: reason=bimorphic_or_optimized_type_check action=maybe_recompile pc=0x0000023dc864321c method=java.util.ComparableTimSort.countRunAndMakeAscending([Ljava/lang/Object;II)I @ 66 c2
Event: 334.651 Thread 0x0000023dd7a96000 Uncommon trap: reason=bimorphic_or_optimized_type_check action=maybe_recompile pc=0x0000023dc864321c method=java.util.ComparableTimSort.countRunAndMakeAscending([Ljava/lang/Object;II)I @ 66 c2
Event: 355.249 Thread 0x0000023dd7a96000 Uncommon trap: reason=unstable_if action=reinterpret pc=0x0000023dc83c6920 method=java.util.LinkedHashMap.afterNodeInsertion(Z)V @ 18 c2
Event: 355.824 Thread 0x0000023dd7a94800 Uncommon trap: reason=unstable_if action=reinterpret pc=0x0000023dc8286520 method=java.lang.StringLatin1.compareToCI([B[B)I @ 68 c2

Classes redefined (0 events):
No events

Internal exceptions (10 events):
Event: 327.540 Thread 0x0000023dd7a93800 Exception <a 'sun/nio/fs/WindowsException'{0x00000000ed5982c0}> (0x00000000ed5982c0) thrown at [./open/src/hotspot/share/prims/jni.cpp, line 611]
Event: 327.813 Thread 0x0000023dd7a94800 Exception <a 'sun/nio/fs/WindowsException'{0x00000000ed0e7710}> (0x00000000ed0e7710) thrown at [./open/src/hotspot/share/prims/jni.cpp, line 611]
Event: 327.898 Thread 0x0000023dd7a93800 Exception <a 'sun/nio/fs/WindowsException'{0x00000000eccf8600}> (0x00000000eccf8600) thrown at [./open/src/hotspot/share/prims/jni.cpp, line 611]
Event: 328.362 Thread 0x0000023dd7a93800 Exception <a 'sun/nio/fs/WindowsException'{0x00000000ebdfc730}> (0x00000000ebdfc730) thrown at [./open/src/hotspot/share/prims/jni.cpp, line 611]
Event: 328.709 Thread 0x0000023dd7a94800 Exception <a 'sun/nio/fs/WindowsException'{0x00000000efe6bb68}> (0x00000000efe6bb68) thrown at [./open/src/hotspot/share/prims/jni.cpp, line 611]
Event: 329.690 Thread 0x0000023dd7a96000 Exception <a 'sun/nio/fs/WindowsException'{0x00000000ee313f28}> (0x00000000ee313f28) thrown at [./open/src/hotspot/share/prims/jni.cpp, line 611]
Event: 330.154 Thread 0x0000023dd7a94800 Exception <a 'sun/nio/fs/WindowsException'{0x00000000ee1b3818}> (0x00000000ee1b3818) thrown at [./open/src/hotspot/share/prims/jni.cpp, line 611]
Event: 331.551 Thread 0x0000023dd7a93800 Exception <a 'sun/nio/fs/WindowsException'{0x00000000efbbf250}> (0x00000000efbbf250) thrown at [./open/src/hotspot/share/prims/jni.cpp, line 611]
Event: 342.090 Thread 0x0000023dd3c05800 Exception <a 'sun/nio/fs/WindowsException'{0x00000000effd3418}> (0x00000000effd3418) thrown at [./open/src/hotspot/share/prims/jni.cpp, line 611]
Event: 354.119 Thread 0x0000023dd7a94800 Exception <a 'sun/nio/fs/WindowsException'{0x00000000efe1c028}> (0x00000000efe1c028) thrown at [./open/src/hotspot/share/prims/jni.cpp, line 611]

Events (10 events):
Event: 353.509 Executing VM operation: CGC_Operation
Event: 353.581 Executing VM operation: CGC_Operation done
Event: 353.857 Executing VM operation: CGC_Operation
Event: 354.035 Executing VM operation: CGC_Operation done
Event: 355.249 Thread 0x0000023dd7a96000 Uncommon trap: trap_request=0xffffff4d fr.pc=0x0000023dc83c6920 relative=0x0000000000000080
Event: 355.249 Thread 0x0000023dd7a96000 DEOPT PACKING pc=0x0000023dc83c6920 sp=0x0000004bd13fb290
Event: 355.250 Thread 0x0000023dd7a96000 DEOPT UNPACKING pc=0x0000023dc07a62a9 sp=0x0000004bd13fb210 mode 2
Event: 355.823 Thread 0x0000023dd7a94800 Uncommon trap: trap_request=0xffffff4d fr.pc=0x0000023dc8286520 relative=0x0000000000000480
Event: 355.824 Thread 0x0000023dd7a94800 DEOPT PACKING pc=0x0000023dc8286520 sp=0x0000004bd14fa980
Event: 355.824 Thread 0x0000023dd7a94800 DEOPT UNPACKING pc=0x0000023dc07a62a9 sp=0x0000004bd14fa8f8 mode 2


Dynamic libraries:
0x00007ff6e33d0000 - 0x00007ff6e33df000 	C:\Program Files\Java\jdk-11.0.14\bin\java.exe
0x00007fffd7f50000 - 0x00007fffd8148000 	C:\Windows\SYSTEM32\ntdll.dll
0x00007fffd6340000 - 0x00007fffd63fd000 	C:\Windows\System32\KERNEL32.DLL
0x00007fffd5670000 - 0x00007fffd593e000 	C:\Windows\System32\KERNELBASE.dll
0x00007fffd5d70000 - 0x00007fffd5e70000 	C:\Windows\System32\ucrtbase.dll
0x00007fffb7260000 - 0x00007fffb7278000 	C:\Program Files\Java\jdk-11.0.14\bin\jli.dll
0x00007fffb7240000 - 0x00007fffb7255000 	C:\Program Files\Java\jdk-11.0.14\bin\VCRUNTIME140.dll
0x00007fffd7b60000 - 0x00007fffd7c0e000 	C:\Windows\System32\ADVAPI32.dll
0x00007fffd6b60000 - 0x00007fffd6bfe000 	C:\Windows\System32\msvcrt.dll
0x00007fffd7dc0000 - 0x00007fffd7e5c000 	C:\Windows\System32\sechost.dll
0x00007fffd6070000 - 0x00007fffd6195000 	C:\Windows\System32\RPCRT4.dll
0x00007fffd61a0000 - 0x00007fffd6340000 	C:\Windows\System32\USER32.dll
0x00007fffd4b30000 - 0x00007fffd4dca000 	C:\Windows\WinSxS\amd64_microsoft.windows.common-controls_6595b64144ccf1df_6.0.19041.1110_none_60b5254171f9507e\COMCTL32.dll
0x00007fffd5cb0000 - 0x00007fffd5cd2000 	C:\Windows\System32\win32u.dll
0x00007fffd7e60000 - 0x00007fffd7e8a000 	C:\Windows\System32\GDI32.dll
0x00007fffd5e70000 - 0x00007fffd5f7b000 	C:\Windows\System32\gdi32full.dll
0x00007fffd5c10000 - 0x00007fffd5cad000 	C:\Windows\System32\msvcp_win.dll
0x00007fffd2ec0000 - 0x00007fffd2eca000 	C:\Windows\SYSTEM32\VERSION.dll
0x00007fffd78a0000 - 0x00007fffd78d0000 	C:\Windows\System32\IMM32.DLL
0x00007fff537e0000 - 0x00007fff5387b000 	C:\Program Files\Java\jdk-11.0.14\bin\msvcp140.dll
0x00007fff52cc0000 - 0x00007fff537d6000 	C:\Program Files\Java\jdk-11.0.14\bin\server\jvm.dll
0x00007fffd7c70000 - 0x00007fffd7c78000 	C:\Windows\System32\PSAPI.DLL
0x00007fffaf070000 - 0x00007fffaf097000 	C:\Windows\SYSTEM32\WINMM.dll
0x00007fffd2fc0000 - 0x00007fffd2fc9000 	C:\Windows\SYSTEM32\WSOCK32.dll
0x00007fffd78d0000 - 0x00007fffd793b000 	C:\Windows\System32\WS2_32.dll
0x00007fffd3120000 - 0x00007fffd3132000 	C:\Windows\SYSTEM32\kernel.appcore.dll
0x00007fffcd070000 - 0x00007fffcd080000 	C:\Program Files\Java\jdk-11.0.14\bin\verify.dll
0x00007fffd5020000 - 0x00007fffd5204000 	C:\Windows\SYSTEM32\DBGHELP.DLL
0x00007fffd4f70000 - 0x00007fffd4f9c000 	C:\Windows\SYSTEM32\dbgcore.DLL
0x00007fffd5ce0000 - 0x00007fffd5d62000 	C:\Windows\System32\bcryptPrimitives.dll
0x00007fffb1670000 - 0x00007fffb1698000 	C:\Program Files\Java\jdk-11.0.14\bin\java.dll
0x00007fffbcc60000 - 0x00007fffbcc6a000 	C:\Program Files\Java\jdk-11.0.14\bin\jimage.dll
0x00007fffb0b70000 - 0x00007fffb0b86000 	C:\Program Files\Java\jdk-11.0.14\bin\zip.dll
0x00007fffd7070000 - 0x00007fffd77b3000 	C:\Windows\System32\SHELL32.dll
0x00007fffd2710000 - 0x00007fffd2ea5000 	C:\Windows\SYSTEM32\windows.storage.dll
0x00007fffd6670000 - 0x00007fffd69c4000 	C:\Windows\System32\combase.dll
0x00007fffd4850000 - 0x00007fffd4880000 	C:\Windows\SYSTEM32\Wldp.dll
0x00007fffd7d10000 - 0x00007fffd7dbd000 	C:\Windows\System32\SHCORE.dll
0x00007fffd7c10000 - 0x00007fffd7c65000 	C:\Windows\System32\shlwapi.dll
0x00007fffd55b0000 - 0x00007fffd55cf000 	C:\Windows\SYSTEM32\profapi.dll
0x00007fffb0b50000 - 0x00007fffb0b69000 	C:\Program Files\Java\jdk-11.0.14\bin\net.dll
0x00007fffce9c0000 - 0x00007fffceaca000 	C:\Windows\SYSTEM32\WINHTTP.dll
0x00007fffd47e0000 - 0x00007fffd484a000 	C:\Windows\system32\mswsock.dll
0x00007fffb09c0000 - 0x00007fffb09d2000 	C:\Program Files\Java\jdk-11.0.14\bin\nio.dll
0x00007fffbce20000 - 0x00007fffbce4a000 	C:\Users\Willi\.gradle\native\36\windows-amd64\native-platform.dll
0x00007fffb8ff0000 - 0x00007fffb8ff9000 	C:\Program Files\Java\jdk-11.0.14\bin\management.dll
0x00007fffb8dc0000 - 0x00007fffb8dcb000 	C:\Program Files\Java\jdk-11.0.14\bin\management_ext.dll
0x00007fffd5330000 - 0x00007fffd5348000 	C:\Windows\SYSTEM32\CRYPTSP.dll
0x00007fffd4050000 - 0x00007fffd4084000 	C:\Windows\system32\rsaenh.dll
0x00007fffd5f80000 - 0x00007fffd5fa7000 	C:\Windows\System32\bcrypt.dll
0x00007fffd5570000 - 0x00007fffd559e000 	C:\Windows\SYSTEM32\USERENV.dll
0x00007fffd4880000 - 0x00007fffd488c000 	C:\Windows\SYSTEM32\CRYPTBASE.dll
0x00007fffd43d0000 - 0x00007fffd440b000 	C:\Windows\SYSTEM32\IPHLPAPI.DLL
0x00007fffd6060000 - 0x00007fffd6068000 	C:\Windows\System32\NSI.dll
0x00007fffc5eb0000 - 0x00007fffc5ec7000 	C:\Windows\SYSTEM32\dhcpcsvc6.DLL
0x00007fffc5e30000 - 0x00007fffc5e4d000 	C:\Windows\SYSTEM32\dhcpcsvc.DLL
0x00007fffd4410000 - 0x00007fffd44da000 	C:\Windows\SYSTEM32\DNSAPI.dll
0x00007fffb6e60000 - 0x00007fffb6e85000 	C:\Program Files\Java\jdk-11.0.14\bin\sunec.dll
0x000000006bb80000 - 0x000000006bba6000 	C:\Program Files\Bonjour\mdnsNSP.dll
0x00007fffc5ce0000 - 0x00007fffc5cea000 	C:\Windows\System32\rasadhlp.dll
0x00007fffc5ef0000 - 0x00007fffc5f70000 	C:\Windows\System32\fwpuclnt.dll
0x00007fffc4b00000 - 0x00007fffc4b0d000 	C:\Program Files\Java\jdk-11.0.14\bin\sunmscapi.dll
0x00007fffd5990000 - 0x00007fffd5ae6000 	C:\Windows\System32\CRYPT32.dll
0x00007fffd49f0000 - 0x00007fffd4a17000 	C:\Windows\SYSTEM32\ncrypt.dll
0x00007fffd49b0000 - 0x00007fffd49eb000 	C:\Windows\SYSTEM32\NTASN1.dll

dbghelp: loaded successfully - version: 4.0.5 - missing functions: none
symbol engine: initialized successfully - sym options: 0x614 - pdb path: .;C:\Program Files\Java\jdk-11.0.14\bin;C:\Windows\SYSTEM32;C:\Windows\WinSxS\amd64_microsoft.windows.common-controls_6595b64144ccf1df_6.0.19041.1110_none_60b5254171f9507e;C:\Program Files\Java\jdk-11.0.14\bin\server;C:\Users\Willi\.gradle\native\36\windows-amd64;C:\Program Files\Bonjour

VM Arguments:
jvm_args: --add-opens=java.base/java.util=ALL-UNNAMED --add-opens=java.base/java.lang=ALL-UNNAMED --add-opens=java.base/java.lang.invoke=ALL-UNNAMED --add-opens=java.prefs/java.util.prefs=ALL-UNNAMED -XX:MaxMetaspaceSize=256m -XX:+HeapDumpOnOutOfMemoryError -Xms256m -Xmx512m -Dfile.encoding=windows-1252 -Duser.country=BR -Duser.language=pt -Duser.variant 
java_command: org.gradle.launcher.daemon.bootstrap.GradleDaemon 6.2
java_class_path (initial): C:\Users\Willi\.gradle\wrapper\dists\gradle-6.2-all\dvufqs6kielxeao781pmk5huj\gradle-6.2\lib\gradle-launcher-6.2.jar
Launcher Type: SUN_STANDARD

[Global flags]
     intx CICompilerCount                          = 3                                         {product} {ergonomic}
   size_t CompressedClassSpaceSize                 = 260046848                                 {product} {ergonomic}
     uint ConcGCThreads                            = 1                                         {product} {ergonomic}
     uint G1ConcRefinementThreads                  = 4                                         {product} {ergonomic}
   size_t G1HeapRegionSize                         = 1048576                                   {product} {ergonomic}
    uintx GCDrainStackTargetSize                   = 64                                        {product} {ergonomic}
     bool HeapDumpOnOutOfMemoryError               = true                                   {manageable} {command line}
   size_t InitialHeapSize                          = 268435456                                 {product} {command line}
   size_t MarkStackSize                            = 4194304                                   {product} {ergonomic}
   size_t MaxHeapSize                              = 536870912                                 {product} {command line}
   size_t MaxMetaspaceSize                         = 268435456                                 {product} {command line}
   size_t MaxNewSize                               = 321912832                                 {product} {ergonomic}
   size_t MinHeapDeltaBytes                        = 1048576                                   {product} {ergonomic}
    uintx NonNMethodCodeHeapSize                   = 5830732                                {pd product} {ergonomic}
    uintx NonProfiledCodeHeapSize                  = 122913754                              {pd product} {ergonomic}
    uintx ProfiledCodeHeapSize                     = 122913754                              {pd product} {ergonomic}
    uintx ReservedCodeCacheSize                    = 251658240                              {pd product} {ergonomic}
     bool SegmentedCodeCache                       = true                                      {product} {ergonomic}
     bool UseCompressedClassPointers               = true                                 {lp64_product} {ergonomic}
     bool UseCompressedOops                        = true                                 {lp64_product} {ergonomic}
     bool UseG1GC                                  = true                                      {product} {ergonomic}
     bool UseLargePagesIndividualAllocation        = false                                  {pd product} {ergonomic}

Logging:
Log output configuration:
 #0: stdout all=warning uptime,level,tags
 #1: stderr all=off uptime,level,tags

Environment Variables:
JAVA_HOME=C:\Program Files\Java\jdk-11.0.14
CLASSPATH=C:\MeusProjetos\Calculadora\android\\gradle\wrapper\gradle-wrapper.jar
PATH=C:\MeusProjetos\Calculadora\android\node_modules\.bin;C:\MeusProjetos\Calculadora\node_modules\.bin;C:\MeusProjetos\node_modules\.bin;C:\node_modules\.bin;C:\Program Files\nodejs;C:\MeusProjetos\Calculadora\node_modules\.bin;C:\MeusProjetos\node_modules\.bin;C:\node_modules\.bin;C:\Users\Willi\AppData\Roaming\npm\node_modules\npm\node_modules\@npmcli\run-script\lib\node-gyp-bin;C:\Program Files (x86)\Common Files\Oracle\Java\javapath;C:\Windows\system32;C:\Windows;C:\Windows\System32\Wbem;C:\Windows\System32\WindowsPowerShell\v1.0\;C:\Windows\System32\OpenSSH\;C:\Program Files\dotnet\;C:\Program Files (x86)\Microsoft VS Code\bin;C:\Program Files\Git\cmd;C:\Program Files\nodejs\;C:\Users\Willi\AppData\Local\Android\Sdk\platform-tools;C:\Program Files\MySQL\MySQL Shell 8.0\bin\;C:\Users\Willi\AppData\Local\Microsoft\WindowsApps;C:\Users\Willi\.dotnet\tools;C:\Users\Willi\AppData\Roaming\npm;C:\Users\Willi\AppData\Local\Android\Sdk\platform-tools;C:\MeusProjetos\Calculadora\node_modules\.bin
USERNAME=Willi
OS=Windows_NT
PROCESSOR_IDENTIFIER=Intel64 Family 6 Model 76 Stepping 4, GenuineIntel



---------------  S Y S T E M  ---------------

OS: Windows 10 , 64 bit Build 19041 (10.0.19041.1889)
Hyper-V role detected

CPU:total 4 (initial active 4) (4 cores per cpu, 1 threads per core) family 6 model 76 stepping 4 microcode 0x411, cmov, cx8, fxsr, mmx, sse, sse2, sse3, ssse3, sse4.1, sse4.2, popcnt, aes, clmul, erms, 3dnowpref, tsc, tscinvbit

Memory: 4k page, system-wide physical 3955M (358M free)
TotalPageFile size 7955M (AvailPageFile size 1M)
current process WorkingSet (physical memory assigned to process): 471M, peak: 523M
current process commit charge ("private bytes"): 533M, peak: 774M

vm_info: Java HotSpot(TM) 64-Bit Server VM (11.0.14+8-LTS-263) for windows-amd64 JRE (11.0.14+8-LTS-263), built on Dec  7 2021 21:53:57 by "mach5one" with MS VC++ 15.9 (VS2017)

END.
